<?xml version="1.0" encoding="UTF-8"?>
<!-- Generated by org.testng.reporters.JUnitXMLReporter -->
<testsuite ignored="0" hostname="Sakthi" failures="0" tests="4" name="Test" time="19.137" errors="0" timestamp="2024-03-29T13:50:18 IST">
  <testcase classname="extent_Repo_Listen.Execution" name="Runner" time="4.857"/>
  <testcase classname="extent_Repo_Listen.Execution" name="Runner" time="3.706"/>
  <testcase classname="extent_Repo_Listen.Execution" name="Runner" time="4.273"/>
  <testcase classname="extent_Repo_Listen.Execution" name="Runner" time="4.123"/>
</testsuite> <!-- Test -->
