<?xml version="1.0" encoding="UTF-8"?>
<testng-results ignored="0" total="1" passed="1" failed="0" skipped="0">
  <reporter-output>
  </reporter-output>
  <suite started-at="2024-11-16T15:24:25 IST" name="Suite" finished-at="2024-11-16T15:24:28 IST" duration-ms="3485">
    <groups>
    </groups>
    <test started-at="2024-11-16T15:24:25 IST" name="Test" finished-at="2024-11-16T15:24:28 IST" duration-ms="3485">
      <class name="extent_Repo_Listen.Execution">
        <test-method signature="Runner()[pri:0, instance:extent_Repo_Listen.Execution@42b02722]" started-at="2024-11-16T15:24:25 IST" name="Runner" finished-at="2024-11-16T15:24:28 IST" duration-ms="3045" status="PASS">
          <reporter-output>
          </reporter-output>
        </test-method> <!-- Runner -->
      </class> <!-- extent_Repo_Listen.Execution -->
    </test> <!-- Test -->
  </suite> <!-- Suite -->
</testng-results>
