<?xml version="1.0" encoding="UTF-8"?>
<testng-results ignored="0" total="4" passed="4" failed="0" skipped="0">
  <reporter-output>
  </reporter-output>
  <suite started-at="2024-03-29T13:49:58 IST" name="Suite" finished-at="2024-03-29T13:50:17 IST" duration-ms="19137">
    <groups>
    </groups>
    <test started-at="2024-03-29T13:49:58 IST" name="Test" finished-at="2024-03-29T13:50:17 IST" duration-ms="19137">
      <class name="extent_Repo_Listen.Execution">
        <test-method signature="Runner()[pri:0, instance:extent_Repo_Listen.Execution@4f0100a7]" started-at="2024-03-29T13:49:58 IST" name="Runner" finished-at="2024-03-29T13:50:03 IST" duration-ms="4857" status="PASS">
          <reporter-output>
          </reporter-output>
        </test-method> <!-- Runner -->
        <test-method signature="Runner()[pri:0, instance:extent_Repo_Listen.Execution@4f0100a7]" started-at="2024-03-29T13:50:04 IST" name="Runner" finished-at="2024-03-29T13:50:07 IST" duration-ms="3706" status="PASS">
          <reporter-output>
          </reporter-output>
        </test-method> <!-- Runner -->
        <test-method signature="Runner()[pri:0, instance:extent_Repo_Listen.Execution@4f0100a7]" started-at="2024-03-29T13:50:08 IST" name="Runner" finished-at="2024-03-29T13:50:12 IST" duration-ms="4273" status="PASS">
          <reporter-output>
          </reporter-output>
        </test-method> <!-- Runner -->
        <test-method signature="Runner()[pri:0, instance:extent_Repo_Listen.Execution@4f0100a7]" started-at="2024-03-29T13:50:12 IST" name="Runner" finished-at="2024-03-29T13:50:17 IST" duration-ms="4123" status="PASS">
          <reporter-output>
          </reporter-output>
        </test-method> <!-- Runner -->
      </class> <!-- extent_Repo_Listen.Execution -->
    </test> <!-- Test -->
  </suite> <!-- Suite -->
</testng-results>
